<?xml version="1.0" encoding="UTF-8"?>
<!-- Generated by org.testng.reporters.JUnitReportReporter -->
<testsuite skipped="0" hostname="LAPTOP-94QKARQ0" name="com.gumtree.testplan.gtTestCase" tests="1" failures="0" timestamp="10 Feb 2021 13:21:14 GMT" time="2.791" errors="0">
  <testcase name="testCase1" time="2.791" classname="com.gumtree.testplan.gtTestCase"/>
</testsuite> <!-- com.gumtree.testplan.gtTestCase -->
